# JRE version: OpenJDK Runtime Environment Temurin-21+35-202309042131 (21.0+35) (build 21-beta+35-ea)
# Java VM: OpenJDK 64-Bit Server VM Temurin-21+35-202309042131 (21-beta+35-ea, mixed mode, emulated-client, sharing, tiered, compressed oops, compressed class ptrs, g1 gc, windows-amd64)
GC Precious Log:
 CardTable entry size: 512
 Card Set container configuration: InlinePtr #cards 5 size 8 Array Of Cards #cards 12 size 40 Howl #buckets 4 coarsen threshold 1843 Howl Bitmap #cards 512 size 80 coarsen threshold 460 Card regions per heap region 1 cards per card region 2048
 CPUs: 8 total, 8 available
 Memory: 7973M
 Large Page Support: Disabled
 NUMA Support: Disabled
 Compressed Oops: Enabled (32-bit)
 Heap Region Size: 1M
 Heap Min Capacity: 8M
 Heap Initial Capacity: 126M
 Heap Max Capacity: 1994M
 Pre-touch: Disabled
 Parallel Workers: 8
 Concurrent Workers: 2
 Concurrent Refinement Workers: 8
 Periodic GC: Disabled
Heap:
 garbage-first heap   total 129024K, used 108261K [0x0000000083600000, 0x0000000100000000)
  region size 1024K, 50 young (51200K), 5 survivors (5120K)
 Metaspace       used 88851K, committed 89728K, reserved 1179648K
  class space    used 12747K, committed 13184K, reserved 1048576K
GC Heap History (20 events):
Event: 619.947 GC heap before
{Heap before GC invocations=31 (full 0):
 garbage-first heap   total 129024K, used 77875K [0x0000000083600000, 0x0000000100000000)
  region size 1024K, 37 young (37888K), 7 survivors (7168K)
 Metaspace       used 87517K, committed 88512K, reserved 1179648K
  class space    used 12654K, committed 13120K, reserved 1048576K
}
Event: 620.027 GC heap after
{Heap after GC invocations=32 (full 1):
 garbage-first heap   total 129024K, used 37290K [0x0000000083600000, 0x0000000100000000)
  region size 1024K, 0 young (0K), 0 survivors (0K)
 Metaspace       used 87049K, committed 88512K, reserved 1179648K
  class space    used 12537K, committed 13120K, reserved 1048576K
}
Event: 624.342 GC heap before
{Heap before GC invocations=32 (full 1):
 garbage-first heap   total 129024K, used 113066K [0x0000000083600000, 0x0000000100000000)
  region size 1024K, 75 young (76800K), 0 survivors (0K)
 Metaspace       used 87344K, committed 88512K, reserved 1179648K
  class space    used 12595K, committed 13120K, reserved 1048576K
}
Event: 624.352 GC heap after
{Heap after GC invocations=33 (full 1):
 garbage-first heap   total 129024K, used 43434K [0x0000000083600000, 0x0000000100000000)
  region size 1024K, 6 young (6144K), 6 survivors (6144K)
 Metaspace       used 87344K, committed 88512K, reserved 1179648K
  class space    used 12595K, committed 13120K, reserved 1048576K
}
Event: 625.634 GC heap before
{Heap before GC invocations=34 (full 1):
 garbage-first heap   total 129024K, used 113066K [0x0000000083600000, 0x0000000100000000)
  region size 1024K, 74 young (75776K), 6 survivors (6144K)
 Metaspace       used 87633K, committed 88640K, reserved 1179648K
  class space    used 12611K, committed 13120K, reserved 1048576K
}
Event: 625.642 GC heap after
{Heap after GC invocations=35 (full 1):
 garbage-first heap   total 129024K, used 47334K [0x0000000083600000, 0x0000000100000000)
  region size 1024K, 5 young (5120K), 5 survivors (5120K)
 Metaspace       used 87633K, committed 88640K, reserved 1179648K
  class space    used 12611K, committed 13120K, reserved 1048576K
}
Event: 626.792 GC heap before
{Heap before GC invocations=35 (full 1):
 garbage-first heap   total 129024K, used 112870K [0x0000000083600000, 0x0000000100000000)
  region size 1024K, 69 young (70656K), 5 survivors (5120K)
 Metaspace       used 87808K, committed 88768K, reserved 1179648K
  class space    used 12646K, committed 13120K, reserved 1048576K
}
Event: 626.800 GC heap after
{Heap after GC invocations=36 (full 1):
 garbage-first heap   total 129024K, used 51356K [0x0000000083600000, 0x0000000100000000)
  region size 1024K, 8 young (8192K), 8 survivors (8192K)
 Metaspace       used 87808K, committed 88768K, reserved 1179648K
  class space    used 12646K, committed 13120K, reserved 1048576K
}
Event: 675.532 GC heap before
{Heap before GC invocations=36 (full 1):
 garbage-first heap   total 129024K, used 111772K [0x0000000083600000, 0x0000000100000000)
  region size 1024K, 67 young (68608K), 8 survivors (8192K)
 Metaspace       used 88112K, committed 89024K, reserved 1179648K
  class space    used 12680K, committed 13120K, reserved 1048576K
}
Event: 675.546 GC heap after
{Heap after GC invocations=37 (full 1):
 garbage-first heap   total 129024K, used 55446K [0x0000000083600000, 0x0000000100000000)
  region size 1024K, 9 young (9216K), 9 survivors (9216K)
 Metaspace       used 88112K, committed 89024K, reserved 1179648K
  class space    used 12680K, committed 13120K, reserved 1048576K
}
Event: 899.362 GC heap before
{Heap before GC invocations=38 (full 1):
 garbage-first heap   total 129024K, used 78998K [0x0000000083600000, 0x0000000100000000)
  region size 1024K, 33 young (33792K), 9 survivors (9216K)
 Metaspace       used 88167K, committed 89088K, reserved 1179648K
  class space    used 12693K, committed 13120K, reserved 1048576K
}
Event: 899.440 GC heap after
{Heap after GC invocations=39 (full 2):
 garbage-first heap   total 129024K, used 50230K [0x0000000083600000, 0x0000000100000000)
  region size 1024K, 0 young (0K), 0 survivors (0K)
 Metaspace       used 88148K, committed 89088K, reserved 1179648K
  class space    used 12689K, committed 13120K, reserved 1048576K
}
Event: 900.134 GC heap before
{Heap before GC invocations=39 (full 2):
 garbage-first heap   total 129024K, used 112694K [0x0000000083600000, 0x0000000100000000)
  region size 1024K, 62 young (63488K), 0 survivors (0K)
 Metaspace       used 88327K, committed 89216K, reserved 1179648K
  class space    used 12718K, committed 13120K, reserved 1048576K
}
Event: 900.140 GC heap after
{Heap after GC invocations=40 (full 2):
 garbage-first heap   total 129024K, used 55312K [0x0000000083600000, 0x0000000100000000)
  region size 1024K, 5 young (5120K), 5 survivors (5120K)
 Metaspace       used 88327K, committed 89216K, reserved 1179648K
  class space    used 12718K, committed 13120K, reserved 1048576K
}
Event: 900.974 GC heap before
{Heap before GC invocations=41 (full 2):
 garbage-first heap   total 129024K, used 112656K [0x0000000083600000, 0x0000000100000000)
  region size 1024K, 62 young (63488K), 5 survivors (5120K)
 Metaspace       used 88369K, committed 89344K, reserved 1179648K
  class space    used 12692K, committed 13120K, reserved 1048576K
}
Event: 900.979 GC heap after
{Heap after GC invocations=42 (full 2):
 garbage-first heap   total 129024K, used 58315K [0x0000000083600000, 0x0000000100000000)
  region size 1024K, 4 young (4096K), 4 survivors (4096K)
 Metaspace       used 88369K, committed 89344K, reserved 1179648K
  class space    used 12692K, committed 13120K, reserved 1048576K
}
Event: 902.249 GC heap before
{Heap before GC invocations=42 (full 2):
 garbage-first heap   total 129024K, used 113611K [0x0000000083600000, 0x0000000100000000)
  region size 1024K, 58 young (59392K), 4 survivors (4096K)
 Metaspace       used 88557K, committed 89408K, reserved 1179648K
  class space    used 12714K, committed 13120K, reserved 1048576K
}
Event: 902.255 GC heap after
{Heap after GC invocations=43 (full 2):
 garbage-first heap   total 129024K, used 60915K [0x0000000083600000, 0x0000000100000000)
  region size 1024K, 6 young (6144K), 6 survivors (6144K)
 Metaspace       used 88557K, committed 89408K, reserved 1179648K
  class space    used 12714K, committed 13120K, reserved 1048576K
}
Event: 902.929 GC heap before
{Heap before GC invocations=43 (full 2):
 garbage-first heap   total 129024K, used 114163K [0x0000000083600000, 0x0000000100000000)
  region size 1024K, 58 young (59392K), 6 survivors (6144K)
 Metaspace       used 88569K, committed 89408K, reserved 1179648K
  class space    used 12718K, committed 13120K, reserved 1048576K
}
Event: 902.938 GC heap after
{Heap after GC invocations=44 (full 2):
 garbage-first heap   total 129024K, used 63205K [0x0000000083600000, 0x0000000100000000)
  region size 1024K, 5 young (5120K), 5 survivors (5120K)
 Metaspace       used 88569K, committed 89408K, reserved 1179648K
  class space    used 12718K, committed 13120K, reserved 1048576K
}

